TN:
SF:app.js
FN:10,(anonymous_0)
FN:50,(anonymous_1)
FNF:2
FNH:1
FNDA:7,(anonymous_0)
FNDA:0,(anonymous_1)
DA:1,1
DA:3,1
DA:4,1
DA:5,1
DA:6,1
DA:7,1
DA:8,1
DA:10,1
DA:11,7
DA:12,7
DA:13,7
DA:24,1
DA:27,1
DA:42,1
DA:45,1
DA:48,1
DA:50,1
DA:51,0
DA:55,1
DA:57,1
LF:20
LH:19
BRF:0
BRH:0
end_of_record
TN:
SF:server.js
FN:26,(anonymous_0)
FN:32,(anonymous_1)
FN:38,(anonymous_2)
FN:41,(anonymous_3)
FNF:4
FNH:2
FNDA:1,(anonymous_0)
FNDA:1,(anonymous_1)
FNDA:0,(anonymous_2)
FNDA:0,(anonymous_3)
DA:1,1
DA:2,1
DA:11,1
DA:16,1
DA:17,0
DA:19,1
DA:26,1
DA:28,1
DA:30,1
DA:32,1
DA:33,1
DA:38,1
DA:39,0
DA:40,0
DA:41,0
DA:42,0
DA:46,1
LF:17
LH:12
BRDA:16,0,0,1
BRDA:16,0,1,0
BRDA:30,1,0,1
BRDA:30,1,1,0
BRF:4
BRH:2
end_of_record
TN:
SF:controllers\auth.controller.js
FN:10,(anonymous_0)
FN:16,(anonymous_1)
FN:43,(anonymous_2)
FN:60,(anonymous_3)
FN:79,(anonymous_4)
FN:111,(anonymous_5)
FN:112,(anonymous_6)
FN:124,(anonymous_7)
FN:164,(anonymous_8)
FN:191,(anonymous_9)
FNF:10
FNH:6
FNDA:3,(anonymous_0)
FNDA:3,(anonymous_1)
FNDA:3,(anonymous_2)
FNDA:2,(anonymous_3)
FNDA:2,(anonymous_4)
FNDA:9,(anonymous_5)
FNDA:0,(anonymous_6)
FNDA:0,(anonymous_7)
FNDA:0,(anonymous_8)
FNDA:0,(anonymous_9)
DA:1,1
DA:2,1
DA:3,1
DA:5,1
DA:6,1
DA:7,1
DA:8,1
DA:10,1
DA:11,3
DA:16,1
DA:18,3
DA:20,3
DA:27,3
DA:29,3
DA:32,3
DA:34,3
DA:43,1
DA:45,3
DA:47,3
DA:49,2
DA:57,2
DA:60,1
DA:62,2
DA:65,2
DA:66,1
DA:69,1
DA:71,1
DA:73,0
DA:76,1
DA:79,1
DA:81,2
DA:82,2
DA:86,1
DA:89,2
DA:92,1
DA:95,1
DA:96,1
DA:97,0
DA:100,1
DA:101,0
DA:106,1
DA:107,1
DA:111,1
DA:112,9
DA:114,0
DA:115,0
DA:119,0
DA:124,1
DA:126,0
DA:127,0
DA:128,0
DA:131,0
DA:132,0
DA:135,0
DA:139,0
DA:143,0
DA:144,0
DA:150,0
DA:155,0
DA:156,0
DA:157,0
DA:159,0
DA:164,1
DA:166,0
DA:172,0
DA:178,0
DA:181,0
DA:182,0
DA:183,0
DA:184,0
DA:185,0
DA:188,0
DA:191,1
DA:193,0
DA:196,0
DA:197,0
DA:200,0
DA:201,0
DA:202,0
DA:205,0
LF:80
LH:44
BRDA:27,0,0,0
BRDA:27,0,1,3
BRDA:47,1,0,1
BRDA:47,1,1,2
BRDA:65,2,0,1
BRDA:65,2,1,1
BRDA:65,3,0,2
BRDA:65,3,1,1
BRDA:71,4,0,0
BRDA:71,4,1,1
BRDA:71,5,0,1
BRDA:71,5,1,1
BRDA:82,6,0,1
BRDA:82,6,1,1
BRDA:83,7,0,2
BRDA:83,7,1,1
BRDA:89,8,0,1
BRDA:89,8,1,1
BRDA:96,9,0,0
BRDA:96,9,1,1
BRDA:100,10,0,0
BRDA:100,10,1,1
BRDA:114,11,0,0
BRDA:114,11,1,0
BRDA:127,12,0,0
BRDA:127,12,1,0
BRDA:178,13,0,0
BRDA:178,13,1,0
BRDA:196,14,0,0
BRDA:196,14,1,0
BRF:30
BRH:18
end_of_record
TN:
SF:controllers\error.controller.js
FN:3,(anonymous_0)
FN:13,(anonymous_1)
FN:32,(anonymous_2)
FN:37,(anonymous_3)
FN:45,(anonymous_4)
FN:46,(anonymous_5)
FN:51,(anonymous_6)
FN:54,(anonymous_7)
FN:57,(anonymous_8)
FNF:9
FNH:2
FNDA:0,(anonymous_0)
FNDA:3,(anonymous_1)
FNDA:0,(anonymous_2)
FNDA:0,(anonymous_3)
FNDA:0,(anonymous_4)
FNDA:0,(anonymous_5)
FNDA:0,(anonymous_6)
FNDA:0,(anonymous_7)
FNDA:3,(anonymous_8)
DA:1,1
DA:3,1
DA:5,0
DA:13,1
DA:15,3
DA:16,3
DA:22,0
DA:25,0
DA:32,1
DA:33,0
DA:34,0
DA:37,1
DA:38,0
DA:39,0
DA:42,0
DA:45,1
DA:46,0
DA:47,0
DA:48,0
DA:51,1
DA:52,0
DA:54,1
DA:55,0
DA:57,1
DA:58,3
DA:59,3
DA:62,3
DA:63,0
DA:64,3
DA:68,3
DA:70,3
DA:71,3
DA:72,3
DA:73,0
DA:74,3
DA:75,3
DA:77,3
LF:37
LH:22
BRDA:15,0,0,3
BRDA:15,0,1,0
BRDA:58,1,0,3
BRDA:58,1,1,0
BRDA:59,2,0,3
BRDA:59,2,1,0
BRDA:62,3,0,0
BRDA:62,3,1,3
BRDA:64,4,0,3
BRDA:64,4,1,0
BRDA:65,5,0,3
BRDA:65,5,1,3
BRDA:70,6,0,0
BRDA:70,6,1,3
BRDA:71,7,0,0
BRDA:71,7,1,3
BRDA:72,8,0,0
BRDA:72,8,1,3
BRDA:74,9,0,0
BRDA:74,9,1,3
BRDA:75,10,0,0
BRDA:75,10,1,3
BRF:22
BRH:12
end_of_record
TN:
SF:controllers\responseHandler.js
FN:5,(anonymous_0)
FN:6,(anonymous_1)
FN:20,(anonymous_2)
FN:21,(anonymous_3)
FN:40,(anonymous_4)
FN:41,(anonymous_5)
FN:51,(anonymous_6)
FN:52,(anonymous_7)
FN:66,(anonymous_8)
FN:67,(anonymous_9)
FN:90,(anonymous_10)
FN:96,(anonymous_11)
FNF:12
FNH:5
FNDA:3,(anonymous_0)
FNDA:0,(anonymous_1)
FNDA:3,(anonymous_2)
FNDA:0,(anonymous_3)
FNDA:0,(anonymous_4)
FNDA:0,(anonymous_5)
FNDA:3,(anonymous_6)
FNDA:1,(anonymous_7)
FNDA:3,(anonymous_8)
FNDA:0,(anonymous_9)
FNDA:0,(anonymous_10)
FNDA:0,(anonymous_11)
DA:1,1
DA:2,1
DA:3,1
DA:5,1
DA:6,3
DA:7,0
DA:9,0
DA:10,0
DA:14,0
DA:20,1
DA:21,3
DA:22,0
DA:27,0
DA:28,0
DA:32,0
DA:40,1
DA:41,0
DA:42,0
DA:44,0
DA:51,1
DA:52,3
DA:53,1
DA:55,1
DA:56,0
DA:60,1
DA:66,1
DA:67,3
DA:69,0
DA:71,0
DA:72,0
DA:75,0
DA:77,0
DA:86,0
DA:89,0
DA:90,0
DA:93,0
DA:96,0
DA:100,0
DA:102,0
DA:105,0
DA:106,0
DA:109,0
DA:110,0
DA:111,0
DA:113,0
DA:117,0
DA:118,0
DA:119,0
DA:121,0
DA:123,0
DA:125,0
LF:51
LH:15
BRDA:9,0,0,0
BRDA:9,0,1,0
BRDA:27,1,0,0
BRDA:27,1,1,0
BRDA:55,2,0,0
BRDA:55,2,1,1
BRDA:71,3,0,0
BRDA:71,3,1,0
BRDA:75,4,0,0
BRDA:75,4,1,0
BRDA:105,5,0,0
BRDA:105,5,1,0
BRDA:109,6,0,0
BRDA:109,6,1,0
BRDA:117,7,0,0
BRDA:117,7,1,0
BRDA:118,8,0,0
BRDA:118,8,1,0
BRF:18
BRH:1
end_of_record
TN:
SF:controllers\station.controller.js
FN:17,(anonymous_0)
FN:23,(anonymous_1)
FN:29,(anonymous_2)
FN:55,(anonymous_3)
FNF:4
FNH:0
FNDA:0,(anonymous_0)
FNDA:0,(anonymous_1)
FNDA:0,(anonymous_2)
FNDA:0,(anonymous_3)
DA:1,1
DA:2,1
DA:3,1
DA:4,1
DA:5,1
DA:7,1
DA:9,1
DA:11,1
DA:13,1
DA:15,1
DA:17,1
DA:18,0
DA:23,1
DA:24,0
DA:25,0
DA:29,1
DA:30,0
DA:31,0
DA:33,0
DA:35,0
DA:36,0
DA:43,0
DA:47,0
DA:55,1
DA:56,0
DA:57,0
DA:59,0
DA:60,0
DA:67,0
DA:80,0
LF:30
LH:14
BRDA:33,0,0,0
BRDA:33,0,1,0
BRDA:35,1,0,0
BRDA:35,1,1,0
BRDA:35,2,0,0
BRDA:35,2,1,0
BRDA:59,3,0,0
BRDA:59,3,1,0
BRDA:59,4,0,0
BRDA:59,4,1,0
BRF:10
BRH:0
end_of_record
TN:
SF:controllers\transaction.controller.js
FN:13,(anonymous_0)
FNF:1
FNH:0
FNDA:0,(anonymous_0)
DA:1,1
DA:2,1
DA:3,1
DA:5,1
DA:7,1
DA:9,1
DA:11,1
DA:13,1
DA:14,0
DA:16,0
DA:24,0
LF:11
LH:8
BRDA:14,0,0,0
BRDA:14,0,1,0
BRF:2
BRH:0
end_of_record
TN:
SF:controllers\user.controller.js
FN:6,(anonymous_0)
FN:8,(anonymous_1)
FN:18,(anonymous_2)
FN:27,(anonymous_3)
FN:33,(anonymous_4)
FN:61,(anonymous_5)
FNF:6
FNH:1
FNDA:0,(anonymous_0)
FNDA:0,(anonymous_1)
FNDA:1,(anonymous_2)
FNDA:0,(anonymous_3)
FNDA:0,(anonymous_4)
FNDA:0,(anonymous_5)
DA:1,1
DA:2,1
DA:3,1
DA:4,1
DA:6,1
DA:7,0
DA:8,0
DA:9,0
DA:11,0
DA:14,1
DA:16,1
DA:18,1
DA:19,1
DA:20,1
DA:23,1
DA:25,1
DA:27,1
DA:28,0
DA:33,1
DA:35,0
DA:36,0
DA:44,0
DA:47,0
DA:53,0
DA:61,1
DA:62,0
DA:63,0
LF:27
LH:15
BRDA:9,0,0,0
BRDA:9,0,1,0
BRDA:35,1,0,0
BRDA:35,1,1,0
BRDA:35,2,0,0
BRDA:35,2,1,0
BRF:6
BRH:0
end_of_record
TN:
SF:models\attendant.model.js
FNF:0
FNH:0
DA:1,1
DA:3,1
DA:14,1
LF:3
LH:3
BRF:0
BRH:0
end_of_record
TN:
SF:models\station.model.js
FNF:0
FNH:0
DA:1,1
DA:2,1
DA:4,1
DA:40,1
DA:46,1
LF:5
LH:5
BRF:0
BRH:0
end_of_record
TN:
SF:models\transaction.model.js
FNF:0
FNH:0
DA:1,1
DA:3,1
DA:51,1
DA:53,1
LF:4
LH:4
BRF:0
BRH:0
end_of_record
TN:
SF:models\user.model.js
FN:36,(anonymous_0)
FN:56,(anonymous_1)
FN:70,(anonymous_2)
FN:77,(anonymous_3)
FN:112,(anonymous_4)
FN:120,(anonymous_5)
FN:135,(anonymous_6)
FNF:7
FNH:6
FNDA:2,(anonymous_0)
FNDA:2,(anonymous_1)
FNDA:2,(anonymous_2)
FNDA:6,(anonymous_3)
FNDA:1,(anonymous_4)
FNDA:1,(anonymous_5)
FNDA:0,(anonymous_6)
DA:1,1
DA:2,1
DA:3,1
DA:4,1
DA:6,1
DA:8,1
DA:37,2
DA:56,1
DA:58,2
DA:61,2
DA:64,2
DA:67,2
DA:70,1
DA:71,2
DA:73,0
DA:74,0
DA:77,1
DA:78,6
DA:79,6
DA:112,1
DA:116,1
DA:120,1
DA:122,1
DA:123,0
DA:128,0
DA:132,1
DA:135,1
DA:136,0
DA:137,0
DA:142,0
DA:144,0
DA:147,1
LF:32
LH:24
BRDA:58,0,0,0
BRDA:58,0,1,2
BRDA:71,1,0,2
BRDA:71,1,1,0
BRDA:71,2,0,2
BRDA:71,2,1,2
BRDA:122,3,0,0
BRDA:122,3,1,1
BRF:8
BRH:5
end_of_record
TN:
SF:routes\station.routes.js
FNF:0
FNH:0
DA:1,1
DA:3,1
DA:4,1
DA:6,1
DA:9,1
DA:11,1
DA:19,1
DA:26,1
DA:30,1
DA:32,1
DA:44,1
LF:11
LH:11
BRF:0
BRH:0
end_of_record
TN:
SF:routes\transaction.routes.js
FNF:0
FNH:0
DA:1,1
DA:3,1
DA:4,1
DA:6,1
DA:8,1
DA:10,1
DA:18,1
DA:30,1
LF:8
LH:8
BRF:0
BRH:0
end_of_record
TN:
SF:routes\user.routes.js
FNF:0
FNH:0
DA:1,1
DA:4,1
DA:7,1
DA:10,1
DA:13,1
DA:16,1
DA:17,1
DA:18,1
DA:19,1
DA:20,1
DA:27,1
DA:30,1
DA:33,1
DA:34,1
DA:35,1
DA:38,1
DA:41,1
DA:46,1
DA:52,1
LF:19
LH:19
BRF:0
BRH:0
end_of_record
TN:
SF:utils\app-error.js
FN:2,(anonymous_0)
FNF:1
FNH:1
FNDA:3,(anonymous_0)
DA:3,3
DA:4,3
DA:5,3
DA:6,3
DA:7,3
DA:11,1
LF:6
LH:6
BRDA:5,0,0,3
BRDA:5,0,1,0
BRF:2
BRH:1
end_of_record
TN:
SF:utils\catchAsync.js
FN:1,(anonymous_0)
FN:2,(anonymous_1)
FNF:2
FNH:2
FNDA:26,(anonymous_0)
FNDA:8,(anonymous_1)
DA:1,1
DA:2,26
LF:2
LH:2
BRF:0
BRH:0
end_of_record
TN:
SF:utils\email.js
FN:3,(anonymous_0)
FNF:1
FNH:0
FNDA:0,(anonymous_0)
DA:1,1
DA:3,1
DA:5,0
DA:14,0
DA:23,0
DA:26,1
LF:6
LH:3
BRF:0
BRH:0
end_of_record
TN:
SF:utils\features.js
FN:2,(anonymous_0)
FN:7,(anonymous_1)
FNF:2
FNH:0
FNDA:0,(anonymous_0)
FNDA:0,(anonymous_1)
DA:3,0
DA:4,0
DA:10,1
LF:3
LH:1
BRF:0
BRH:0
end_of_record
